<?xml version="1.0" encoding="UTF-8"?>
<coverage generated="1546611633">
  <project timestamp="1546611633">
    <package name="AdrianPawlik\PHPUnitCodeCoverageBadger">
      <file name="/Users/adrianpawlik/Sites/phpunit-code-coverage-badger/src/AdrianPawlik/PHPUnitCodeCoverageBadger/BadgeTemplateService.php">
        <class name="AdrianPawlik\PHPUnitCodeCoverageBadger\BadgeTemplateService" namespace="AdrianPawlik\PHPUnitCodeCoverageBadger">
          <metrics complexity="8" methods="3" coveredmethods="3" conditionals="0" coveredconditionals="0" statements="11" coveredstatements="11" elements="14" coveredelements="14"/>
        </class>
        <line num="19" type="method" name="__construct" visibility="public" complexity="2" crap="2" count="5"/>
        <line num="21" type="stmt" count="5"/>
        <line num="22" type="stmt" count="4"/>
        <line num="29" type="method" name="getTemplateByName" visibility="public" complexity="2" crap="2" count="2"/>
        <line num="31" type="stmt" count="2"/>
        <line num="32" type="stmt" count="2"/>
        <line num="33" type="stmt" count="1"/>
        <line num="36" type="stmt" count="1"/>
        <line num="44" type="method" name="resolveDir" visibility="private" complexity="4" crap="4" count="5"/>
        <line num="46" type="stmt" count="5"/>
        <line num="47" type="stmt" count="1"/>
        <line num="50" type="stmt" count="4"/>
        <line num="51" type="stmt" count="1"/>
        <line num="54" type="stmt" count="3"/>
        <metrics loc="56" ncloc="38" classes="1" methods="3" coveredmethods="3" conditionals="0" coveredconditionals="0" statements="11" coveredstatements="11" elements="14" coveredelements="14"/>
      </file>
      <file name="/Users/adrianpawlik/Sites/phpunit-code-coverage-badger/src/AdrianPawlik/PHPUnitCodeCoverageBadger/CoverageBadgeService.php">
        <class name="AdrianPawlik\PHPUnitCodeCoverageBadger\CoverageBadgeService" namespace="AdrianPawlik\PHPUnitCodeCoverageBadger">
          <metrics complexity="12" methods="10" coveredmethods="0" conditionals="0" coveredconditionals="0" statements="27" coveredstatements="0" elements="37" coveredelements="0"/>
        </class>
        <line num="27" type="method" name="__construct" visibility="public" complexity="1" crap="2.00" count="0"/>
        <line num="29" type="stmt" count="0"/>
        <line num="30" type="stmt" count="0"/>
        <line num="31" type="stmt" count="0"/>
        <line num="36" type="method" name="getLowUpperBound" visibility="public" complexity="1" crap="2.00" count="0"/>
        <line num="38" type="stmt" count="0"/>
        <line num="44" type="method" name="setLowUpperBound" visibility="public" complexity="1" crap="2.00" count="0"/>
        <line num="46" type="stmt" count="0"/>
        <line num="47" type="stmt" count="0"/>
        <line num="52" type="method" name="getHighLowerBound" visibility="public" complexity="1" crap="2.00" count="0"/>
        <line num="54" type="stmt" count="0"/>
        <line num="60" type="method" name="setHighLowerBound" visibility="public" complexity="1" crap="2.00" count="0"/>
        <line num="62" type="stmt" count="0"/>
        <line num="63" type="stmt" count="0"/>
        <line num="65" type="method" name="createMethodsCoverageBadge" visibility="public" complexity="1" crap="2.00" count="0"/>
        <line num="67" type="stmt" count="0"/>
        <line num="68" type="stmt" count="0"/>
        <line num="69" type="stmt" count="0"/>
        <line num="73" type="method" name="createElementsCoverageBadge" visibility="public" complexity="1" crap="2.00" count="0"/>
        <line num="75" type="stmt" count="0"/>
        <line num="76" type="stmt" count="0"/>
        <line num="77" type="stmt" count="0"/>
        <line num="81" type="method" name="formatValue" visibility="private" complexity="1" crap="2.00" count="0"/>
        <line num="83" type="stmt" count="0"/>
        <line num="86" type="method" name="createBadge" visibility="private" complexity="1" crap="2.00" count="0"/>
        <line num="88" type="stmt" count="0"/>
        <line num="90" type="stmt" count="0"/>
        <line num="94" type="stmt" count="0"/>
        <line num="95" type="stmt" count="0"/>
        <line num="97" type="stmt" count="0"/>
        <line num="101" type="method" name="getCoverageBoundColorClass" visibility="private" complexity="3" crap="12.00" count="0"/>
        <line num="103" type="stmt" count="0"/>
        <line num="105" type="stmt" count="0"/>
        <line num="106" type="stmt" count="0"/>
        <line num="108" type="stmt" count="0"/>
        <line num="109" type="stmt" count="0"/>
        <line num="112" type="stmt" count="0"/>
        <metrics loc="114" ncloc="90" classes="1" methods="10" coveredmethods="0" conditionals="0" coveredconditionals="0" statements="27" coveredstatements="0" elements="37" coveredelements="0"/>
      </file>
      <file name="/Users/adrianpawlik/Sites/phpunit-code-coverage-badger/src/AdrianPawlik/PHPUnitCodeCoverageBadger/CoverageService.php">
        <class name="AdrianPawlik\PHPUnitCodeCoverageBadger\CoverageService" namespace="AdrianPawlik\PHPUnitCodeCoverageBadger">
          <metrics complexity="14" methods="6" coveredmethods="0" conditionals="0" coveredconditionals="0" statements="28" coveredstatements="0" elements="34" coveredelements="0"/>
        </class>
        <line num="30" type="method" name="__construct" visibility="public" complexity="1" crap="2.00" count="0"/>
        <line num="32" type="stmt" count="0"/>
        <line num="33" type="stmt" count="0"/>
        <line num="34" type="stmt" count="0"/>
        <line num="39" type="method" name="getMethodsCoverage" visibility="public" complexity="2" crap="6.00" count="0"/>
        <line num="41" type="stmt" count="0"/>
        <line num="43" type="stmt" count="0"/>
        <line num="44" type="stmt" count="0"/>
        <line num="45" type="stmt" count="0"/>
        <line num="51" type="method" name="getElementsCoverage" visibility="public" complexity="2" crap="6.00" count="0"/>
        <line num="53" type="stmt" count="0"/>
        <line num="55" type="stmt" count="0"/>
        <line num="56" type="stmt" count="0"/>
        <line num="57" type="stmt" count="0"/>
        <line num="65" type="method" name="checkFile" visibility="private" complexity="2" crap="6.00" count="0"/>
        <line num="67" type="stmt" count="0"/>
        <line num="68" type="stmt" count="0"/>
        <line num="71" type="stmt" count="0"/>
        <line num="74" type="method" name="loadMetrics" visibility="private" complexity="5" crap="30.00" count="0"/>
        <line num="76" type="stmt" count="0"/>
        <line num="77" type="stmt" count="0"/>
        <line num="80" type="stmt" count="0"/>
        <line num="81" type="stmt" count="0"/>
        <line num="83" type="stmt" count="0"/>
        <line num="85" type="stmt" count="0"/>
        <line num="86" type="stmt" count="0"/>
        <line num="87" type="stmt" count="0"/>
        <line num="90" type="stmt" count="0"/>
        <line num="93" type="stmt" count="0"/>
        <line num="98" type="method" name="loadFile" visibility="private" complexity="2" crap="6.00" count="0"/>
        <line num="100" type="stmt" count="0"/>
        <line num="101" type="stmt" count="0"/>
        <line num="102" type="stmt" count="0"/>
        <line num="104" type="stmt" count="0"/>
        <metrics loc="105" ncloc="77" classes="1" methods="6" coveredmethods="0" conditionals="0" coveredconditionals="0" statements="28" coveredstatements="0" elements="34" coveredelements="0"/>
      </file>
      <file name="/Users/adrianpawlik/Sites/phpunit-code-coverage-badger/src/AdrianPawlik/PHPUnitCodeCoverageBadger/PHPUnitConfigService.php">
        <class name="AdrianPawlik\PHPUnitCodeCoverageBadger\PHPUnitConfigService" namespace="AdrianPawlik\PHPUnitCodeCoverageBadger">
          <metrics complexity="14" methods="6" coveredmethods="0" conditionals="0" coveredconditionals="0" statements="28" coveredstatements="0" elements="34" coveredelements="0"/>
        </class>
        <line num="30" type="method" name="__construct" visibility="public" complexity="1" crap="2.00" count="0"/>
        <line num="32" type="stmt" count="0"/>
        <line num="33" type="stmt" count="0"/>
        <line num="34" type="stmt" count="0"/>
        <line num="39" type="method" name="getMethodsCoverage" visibility="public" complexity="2" crap="6.00" count="0"/>
        <line num="41" type="stmt" count="0"/>
        <line num="43" type="stmt" count="0"/>
        <line num="44" type="stmt" count="0"/>
        <line num="45" type="stmt" count="0"/>
        <line num="51" type="method" name="getElementsCoverage" visibility="public" complexity="2" crap="6.00" count="0"/>
        <line num="53" type="stmt" count="0"/>
        <line num="55" type="stmt" count="0"/>
        <line num="56" type="stmt" count="0"/>
        <line num="57" type="stmt" count="0"/>
        <line num="65" type="method" name="checkFile" visibility="private" complexity="2" crap="6.00" count="0"/>
        <line num="67" type="stmt" count="0"/>
        <line num="68" type="stmt" count="0"/>
        <line num="71" type="stmt" count="0"/>
        <line num="74" type="method" name="loadMetrics" visibility="private" complexity="5" crap="30.00" count="0"/>
        <line num="76" type="stmt" count="0"/>
        <line num="77" type="stmt" count="0"/>
        <line num="80" type="stmt" count="0"/>
        <line num="81" type="stmt" count="0"/>
        <line num="83" type="stmt" count="0"/>
        <line num="85" type="stmt" count="0"/>
        <line num="86" type="stmt" count="0"/>
        <line num="87" type="stmt" count="0"/>
        <line num="90" type="stmt" count="0"/>
        <line num="93" type="stmt" count="0"/>
        <line num="98" type="method" name="loadFile" visibility="private" complexity="2" crap="6.00" count="0"/>
        <line num="100" type="stmt" count="0"/>
        <line num="101" type="stmt" count="0"/>
        <line num="102" type="stmt" count="0"/>
        <line num="104" type="stmt" count="0"/>
        <metrics loc="105" ncloc="77" classes="1" methods="6" coveredmethods="0" conditionals="0" coveredconditionals="0" statements="28" coveredstatements="0" elements="34" coveredelements="0"/>
      </file>
    </package>
    <package name="AdrianPawlik\PHPUnitCodeCoverageBadger\Commands">
      <file name="/Users/adrianpawlik/Sites/phpunit-code-coverage-badger/src/AdrianPawlik/PHPUnitCodeCoverageBadger/Commands/CreateBadgeCommand.php">
        <class name="AdrianPawlik\PHPUnitCodeCoverageBadger\Commands\CreateBadgeCommand" namespace="AdrianPawlik\PHPUnitCodeCoverageBadger\Commands">
          <metrics complexity="9" methods="5" coveredmethods="0" conditionals="0" coveredconditionals="0" statements="45" coveredstatements="0" elements="50" coveredelements="0"/>
        </class>
        <line num="19" type="method" name="configure" visibility="protected" complexity="1" crap="2.00" count="0"/>
        <line num="22" type="stmt" count="0"/>
        <line num="23" type="stmt" count="0"/>
        <line num="24" type="stmt" count="0"/>
        <line num="25" type="stmt" count="0"/>
        <line num="26" type="stmt" count="0"/>
        <line num="27" type="stmt" count="0"/>
        <line num="28" type="stmt" count="0"/>
        <line num="29" type="stmt" count="0"/>
        <line num="30" type="stmt" count="0"/>
        <line num="31" type="stmt" count="0"/>
        <line num="33" type="stmt" count="0"/>
        <line num="34" type="stmt" count="0"/>
        <line num="35" type="stmt" count="0"/>
        <line num="36" type="stmt" count="0"/>
        <line num="37" type="stmt" count="0"/>
        <line num="38" type="stmt" count="0"/>
        <line num="40" type="stmt" count="0"/>
        <line num="41" type="stmt" count="0"/>
        <line num="42" type="stmt" count="0"/>
        <line num="43" type="stmt" count="0"/>
        <line num="44" type="stmt" count="0"/>
        <line num="45" type="stmt" count="0"/>
        <line num="47" type="stmt" count="0"/>
        <line num="49" type="method" name="execute" visibility="protected" complexity="1" crap="2.00" count="0"/>
        <line num="51" type="stmt" count="0"/>
        <line num="53" type="stmt" count="0"/>
        <line num="55" type="stmt" count="0"/>
        <line num="56" type="stmt" count="0"/>
        <line num="57" type="stmt" count="0"/>
        <line num="58" type="stmt" count="0"/>
        <line num="60" type="stmt" count="0"/>
        <line num="62" type="stmt" count="0"/>
        <line num="64" type="stmt" count="0"/>
        <line num="67" type="method" name="getBadge" visibility="private" complexity="4" crap="20.00" count="0"/>
        <line num="69" type="stmt" count="0"/>
        <line num="70" type="stmt" count="0"/>
        <line num="71" type="stmt" count="0"/>
        <line num="73" type="stmt" count="0"/>
        <line num="74" type="stmt" count="0"/>
        <line num="77" type="stmt" count="0"/>
        <line num="80" type="method" name="saveBadge" visibility="private" complexity="1" crap="2.00" count="0"/>
        <line num="82" type="stmt" count="0"/>
        <line num="83" type="stmt" count="0"/>
        <line num="85" type="method" name="validateMetrics" visibility="private" complexity="2" crap="6.00" count="0"/>
        <line num="87" type="stmt" count="0"/>
        <line num="88" type="stmt" count="0"/>
        <line num="89" type="stmt" count="0"/>
        <line num="90" type="stmt" count="0"/>
        <line num="93" type="stmt" count="0"/>
        <metrics loc="94" ncloc="94" classes="1" methods="5" coveredmethods="0" conditionals="0" coveredconditionals="0" statements="45" coveredstatements="0" elements="50" coveredelements="0"/>
      </file>
      <file name="/Users/adrianpawlik/Sites/phpunit-code-coverage-badger/src/AdrianPawlik/PHPUnitCodeCoverageBadger/Commands/StoreBadgeCommand.php">
        <class name="AdrianPawlik\PHPUnitCodeCoverageBadger\Commands\StoreBadgeCommand" namespace="AdrianPawlik\PHPUnitCodeCoverageBadger\Commands">
          <metrics complexity="7" methods="5" coveredmethods="0" conditionals="0" coveredconditionals="0" statements="38" coveredstatements="0" elements="43" coveredelements="0"/>
        </class>
        <line num="15" type="method" name="configure" visibility="protected" complexity="1" crap="2.00" count="0"/>
        <line num="18" type="stmt" count="0"/>
        <line num="19" type="stmt" count="0"/>
        <line num="20" type="stmt" count="0"/>
        <line num="21" type="stmt" count="0"/>
        <line num="22" type="stmt" count="0"/>
        <line num="23" type="stmt" count="0"/>
        <line num="24" type="stmt" count="0"/>
        <line num="25" type="stmt" count="0"/>
        <line num="26" type="stmt" count="0"/>
        <line num="28" type="method" name="execute" visibility="protected" complexity="1" crap="2.00" count="0"/>
        <line num="30" type="stmt" count="0"/>
        <line num="33" type="method" name="createS3Client" visibility="private" complexity="1" crap="2.00" count="0"/>
        <line num="35" type="stmt" count="0"/>
        <line num="36" type="stmt" count="0"/>
        <line num="37" type="stmt" count="0"/>
        <line num="39" type="stmt" count="0"/>
        <line num="40" type="stmt" count="0"/>
        <line num="45" type="method" name="checkFile" visibility="private" complexity="2" crap="6.00" count="0"/>
        <line num="47" type="stmt" count="0"/>
        <line num="48" type="stmt" count="0"/>
        <line num="51" type="stmt" count="0"/>
        <line num="54" type="method" name="uploadFile" visibility="private" complexity="2" crap="6.00" count="0"/>
        <line num="56" type="stmt" count="0"/>
        <line num="58" type="stmt" count="0"/>
        <line num="60" type="stmt" count="0"/>
        <line num="63" type="stmt" count="0"/>
        <line num="64" type="stmt" count="0"/>
        <line num="65" type="stmt" count="0"/>
        <line num="66" type="stmt" count="0"/>
        <line num="67" type="stmt" count="0"/>
        <line num="70" type="stmt" count="0"/>
        <line num="71" type="stmt" count="0"/>
        <line num="72" type="stmt" count="0"/>
        <line num="73" type="stmt" count="0"/>
        <line num="74" type="stmt" count="0"/>
        <line num="78" type="stmt" count="0"/>
        <line num="81" type="stmt" count="0"/>
        <line num="82" type="stmt" count="0"/>
        <line num="83" type="stmt" count="0"/>
        <line num="84" type="stmt" count="0"/>
        <line num="85" type="stmt" count="0"/>
        <line num="89" type="stmt" count="0"/>
        <metrics loc="91" ncloc="91" classes="1" methods="5" coveredmethods="0" conditionals="0" coveredconditionals="0" statements="38" coveredstatements="0" elements="43" coveredelements="0"/>
      </file>
    </package>
    <package name="AdrianPawlik\PHPUnitCodeCoverageBadger\Exceptions">
      <file name="/Users/adrianpawlik/Sites/phpunit-code-coverage-badger/src/AdrianPawlik/PHPUnitCodeCoverageBadger/Exceptions/FileNotFoundException.php">
        <class name="AdrianPawlik\PHPUnitCodeCoverageBadger\Exceptions\FileNotFoundException" namespace="AdrianPawlik\PHPUnitCodeCoverageBadger\Exceptions">
          <metrics complexity="0" methods="0" coveredmethods="0" conditionals="0" coveredconditionals="0" statements="0" coveredstatements="0" elements="0" coveredelements="0"/>
        </class>
        <metrics loc="7" ncloc="7" classes="0" methods="0" coveredmethods="0" conditionals="0" coveredconditionals="0" statements="0" coveredstatements="0" elements="0" coveredelements="0"/>
      </file>
      <file name="/Users/adrianpawlik/Sites/phpunit-code-coverage-badger/src/AdrianPawlik/PHPUnitCodeCoverageBadger/Exceptions/InvalidXmlException.php">
        <class name="AdrianPawlik\PHPUnitCodeCoverageBadger\Exceptions\InvalidXmlException" namespace="AdrianPawlik\PHPUnitCodeCoverageBadger\Exceptions">
          <metrics complexity="0" methods="0" coveredmethods="0" conditionals="0" coveredconditionals="0" statements="0" coveredstatements="0" elements="0" coveredelements="0"/>
        </class>
        <metrics loc="7" ncloc="7" classes="0" methods="0" coveredmethods="0" conditionals="0" coveredconditionals="0" statements="0" coveredstatements="0" elements="0" coveredelements="0"/>
      </file>
    </package>
    <metrics files="8" loc="579" ncloc="481" classes="6" methods="35" coveredmethods="3" conditionals="0" coveredconditionals="0" statements="177" coveredstatements="11" elements="212" coveredelements="14"/>
  </project>
</coverage>
